2025-03-11 11:23:32,579 INFO: Wedding application startup [in /Users/jaimeaznar/Desktop/website_wedding/app/logging_config.py:42]
2025-03-11 11:23:32,763 INFO: Wedding application startup [in /Users/jaimeaznar/Desktop/website_wedding/app/logging_config.py:42]
2025-03-11 11:23:32,763 INFO: Wedding application startup [in /Users/jaimeaznar/Desktop/website_wedding/app/logging_config.py:42]
2025-03-11 11:23:32,789 INFO: Wedding application startup [in /Users/jaimeaznar/Desktop/website_wedding/app/logging_config.py:42]
2025-03-11 11:23:32,789 INFO: Wedding application startup [in /Users/jaimeaznar/Desktop/website_wedding/app/logging_config.py:42]
2025-03-11 11:23:32,789 INFO: Wedding application startup [in /Users/jaimeaznar/Desktop/website_wedding/app/logging_config.py:42]
2025-03-11 11:23:32,810 INFO: Wedding application startup [in /Users/jaimeaznar/Desktop/website_wedding/app/logging_config.py:42]
2025-03-11 11:23:32,810 INFO: Wedding application startup [in /Users/jaimeaznar/Desktop/website_wedding/app/logging_config.py:42]
2025-03-11 11:23:32,810 INFO: Wedding application startup [in /Users/jaimeaznar/Desktop/website_wedding/app/logging_config.py:42]
2025-03-11 11:23:32,810 INFO: Wedding application startup [in /Users/jaimeaznar/Desktop/website_wedding/app/logging_config.py:42]
2025-03-11 11:23:32,898 INFO: Wedding application startup [in /Users/jaimeaznar/Desktop/website_wedding/app/logging_config.py:42]
2025-03-11 11:23:32,898 INFO: Wedding application startup [in /Users/jaimeaznar/Desktop/website_wedding/app/logging_config.py:42]
2025-03-11 11:23:32,898 INFO: Wedding application startup [in /Users/jaimeaznar/Desktop/website_wedding/app/logging_config.py:42]
2025-03-11 11:23:32,898 INFO: Wedding application startup [in /Users/jaimeaznar/Desktop/website_wedding/app/logging_config.py:42]
2025-03-11 11:23:32,898 INFO: Wedding application startup [in /Users/jaimeaznar/Desktop/website_wedding/app/logging_config.py:42]
2025-03-11 11:23:32,923 INFO: Wedding application startup [in /Users/jaimeaznar/Desktop/website_wedding/app/logging_config.py:42]
2025-03-11 11:23:32,923 INFO: Wedding application startup [in /Users/jaimeaznar/Desktop/website_wedding/app/logging_config.py:42]
2025-03-11 11:23:32,923 INFO: Wedding application startup [in /Users/jaimeaznar/Desktop/website_wedding/app/logging_config.py:42]
2025-03-11 11:23:32,923 INFO: Wedding application startup [in /Users/jaimeaznar/Desktop/website_wedding/app/logging_config.py:42]
2025-03-11 11:23:32,923 INFO: Wedding application startup [in /Users/jaimeaznar/Desktop/website_wedding/app/logging_config.py:42]
2025-03-11 11:23:32,923 INFO: Wedding application startup [in /Users/jaimeaznar/Desktop/website_wedding/app/logging_config.py:42]
2025-03-11 11:23:32,939 INFO: Wedding application startup [in /Users/jaimeaznar/Desktop/website_wedding/app/logging_config.py:42]
2025-03-11 11:23:32,939 INFO: Wedding application startup [in /Users/jaimeaznar/Desktop/website_wedding/app/logging_config.py:42]
2025-03-11 11:23:32,939 INFO: Wedding application startup [in /Users/jaimeaznar/Desktop/website_wedding/app/logging_config.py:42]
2025-03-11 11:23:32,939 INFO: Wedding application startup [in /Users/jaimeaznar/Desktop/website_wedding/app/logging_config.py:42]
2025-03-11 11:23:32,939 INFO: Wedding application startup [in /Users/jaimeaznar/Desktop/website_wedding/app/logging_config.py:42]
2025-03-11 11:23:32,939 INFO: Wedding application startup [in /Users/jaimeaznar/Desktop/website_wedding/app/logging_config.py:42]
2025-03-11 11:23:32,939 INFO: Wedding application startup [in /Users/jaimeaznar/Desktop/website_wedding/app/logging_config.py:42]
2025-03-11 11:23:32,963 INFO: Wedding application startup [in /Users/jaimeaznar/Desktop/website_wedding/app/logging_config.py:42]
2025-03-11 11:23:32,963 INFO: Wedding application startup [in /Users/jaimeaznar/Desktop/website_wedding/app/logging_config.py:42]
2025-03-11 11:23:32,963 INFO: Wedding application startup [in /Users/jaimeaznar/Desktop/website_wedding/app/logging_config.py:42]
2025-03-11 11:23:32,963 INFO: Wedding application startup [in /Users/jaimeaznar/Desktop/website_wedding/app/logging_config.py:42]
2025-03-11 11:23:32,963 INFO: Wedding application startup [in /Users/jaimeaznar/Desktop/website_wedding/app/logging_config.py:42]
2025-03-11 11:23:32,963 INFO: Wedding application startup [in /Users/jaimeaznar/Desktop/website_wedding/app/logging_config.py:42]
2025-03-11 11:23:32,963 INFO: Wedding application startup [in /Users/jaimeaznar/Desktop/website_wedding/app/logging_config.py:42]
2025-03-11 11:23:32,963 INFO: Wedding application startup [in /Users/jaimeaznar/Desktop/website_wedding/app/logging_config.py:42]
2025-03-11 11:23:32,984 INFO: Wedding application startup [in /Users/jaimeaznar/Desktop/website_wedding/app/logging_config.py:42]
2025-03-11 11:23:32,984 INFO: Wedding application startup [in /Users/jaimeaznar/Desktop/website_wedding/app/logging_config.py:42]
2025-03-11 11:23:32,984 INFO: Wedding application startup [in /Users/jaimeaznar/Desktop/website_wedding/app/logging_config.py:42]
2025-03-11 11:23:32,984 INFO: Wedding application startup [in /Users/jaimeaznar/Desktop/website_wedding/app/logging_config.py:42]
2025-03-11 11:23:32,984 INFO: Wedding application startup [in /Users/jaimeaznar/Desktop/website_wedding/app/logging_config.py:42]
2025-03-11 11:23:32,984 INFO: Wedding application startup [in /Users/jaimeaznar/Desktop/website_wedding/app/logging_config.py:42]
2025-03-11 11:23:32,984 INFO: Wedding application startup [in /Users/jaimeaznar/Desktop/website_wedding/app/logging_config.py:42]
2025-03-11 11:23:32,984 INFO: Wedding application startup [in /Users/jaimeaznar/Desktop/website_wedding/app/logging_config.py:42]
2025-03-11 11:23:32,984 INFO: Wedding application startup [in /Users/jaimeaznar/Desktop/website_wedding/app/logging_config.py:42]
2025-03-11 11:23:33,014 INFO: Wedding application startup [in /Users/jaimeaznar/Desktop/website_wedding/app/logging_config.py:42]
2025-03-11 11:23:33,014 INFO: Wedding application startup [in /Users/jaimeaznar/Desktop/website_wedding/app/logging_config.py:42]
2025-03-11 11:23:33,014 INFO: Wedding application startup [in /Users/jaimeaznar/Desktop/website_wedding/app/logging_config.py:42]
2025-03-11 11:23:33,014 INFO: Wedding application startup [in /Users/jaimeaznar/Desktop/website_wedding/app/logging_config.py:42]
2025-03-11 11:23:33,014 INFO: Wedding application startup [in /Users/jaimeaznar/Desktop/website_wedding/app/logging_config.py:42]
2025-03-11 11:23:33,014 INFO: Wedding application startup [in /Users/jaimeaznar/Desktop/website_wedding/app/logging_config.py:42]
2025-03-11 11:23:33,014 INFO: Wedding application startup [in /Users/jaimeaznar/Desktop/website_wedding/app/logging_config.py:42]
2025-03-11 11:23:33,014 INFO: Wedding application startup [in /Users/jaimeaznar/Desktop/website_wedding/app/logging_config.py:42]
2025-03-11 11:23:33,014 INFO: Wedding application startup [in /Users/jaimeaznar/Desktop/website_wedding/app/logging_config.py:42]
2025-03-11 11:23:33,014 INFO: Wedding application startup [in /Users/jaimeaznar/Desktop/website_wedding/app/logging_config.py:42]
2025-03-11 11:23:33,037 INFO: Wedding application startup [in /Users/jaimeaznar/Desktop/website_wedding/app/logging_config.py:42]
2025-03-11 11:23:33,037 INFO: Wedding application startup [in /Users/jaimeaznar/Desktop/website_wedding/app/logging_config.py:42]
2025-03-11 11:23:33,037 INFO: Wedding application startup [in /Users/jaimeaznar/Desktop/website_wedding/app/logging_config.py:42]
2025-03-11 11:23:33,037 INFO: Wedding application startup [in /Users/jaimeaznar/Desktop/website_wedding/app/logging_config.py:42]
2025-03-11 11:23:33,037 INFO: Wedding application startup [in /Users/jaimeaznar/Desktop/website_wedding/app/logging_config.py:42]
2025-03-11 11:23:33,037 INFO: Wedding application startup [in /Users/jaimeaznar/Desktop/website_wedding/app/logging_config.py:42]
2025-03-11 11:23:33,037 INFO: Wedding application startup [in /Users/jaimeaznar/Desktop/website_wedding/app/logging_config.py:42]
2025-03-11 11:23:33,037 INFO: Wedding application startup [in /Users/jaimeaznar/Desktop/website_wedding/app/logging_config.py:42]
2025-03-11 11:23:33,037 INFO: Wedding application startup [in /Users/jaimeaznar/Desktop/website_wedding/app/logging_config.py:42]
2025-03-11 11:23:33,037 INFO: Wedding application startup [in /Users/jaimeaznar/Desktop/website_wedding/app/logging_config.py:42]
2025-03-11 11:23:33,037 INFO: Wedding application startup [in /Users/jaimeaznar/Desktop/website_wedding/app/logging_config.py:42]
2025-03-11 11:23:33,059 INFO: Wedding application startup [in /Users/jaimeaznar/Desktop/website_wedding/app/logging_config.py:42]
2025-03-11 11:23:33,059 INFO: Wedding application startup [in /Users/jaimeaznar/Desktop/website_wedding/app/logging_config.py:42]
2025-03-11 11:23:33,059 INFO: Wedding application startup [in /Users/jaimeaznar/Desktop/website_wedding/app/logging_config.py:42]
2025-03-11 11:23:33,059 INFO: Wedding application startup [in /Users/jaimeaznar/Desktop/website_wedding/app/logging_config.py:42]
2025-03-11 11:23:33,059 INFO: Wedding application startup [in /Users/jaimeaznar/Desktop/website_wedding/app/logging_config.py:42]
2025-03-11 11:23:33,059 INFO: Wedding application startup [in /Users/jaimeaznar/Desktop/website_wedding/app/logging_config.py:42]
2025-03-11 11:23:33,059 INFO: Wedding application startup [in /Users/jaimeaznar/Desktop/website_wedding/app/logging_config.py:42]
2025-03-11 11:23:33,059 INFO: Wedding application startup [in /Users/jaimeaznar/Desktop/website_wedding/app/logging_config.py:42]
2025-03-11 11:23:33,059 INFO: Wedding application startup [in /Users/jaimeaznar/Desktop/website_wedding/app/logging_config.py:42]
2025-03-11 11:23:33,059 INFO: Wedding application startup [in /Users/jaimeaznar/Desktop/website_wedding/app/logging_config.py:42]
2025-03-11 11:23:33,059 INFO: Wedding application startup [in /Users/jaimeaznar/Desktop/website_wedding/app/logging_config.py:42]
2025-03-11 11:23:33,059 INFO: Wedding application startup [in /Users/jaimeaznar/Desktop/website_wedding/app/logging_config.py:42]
2025-03-11 11:23:33,084 INFO: Wedding application startup [in /Users/jaimeaznar/Desktop/website_wedding/app/logging_config.py:42]
2025-03-11 11:23:33,084 INFO: Wedding application startup [in /Users/jaimeaznar/Desktop/website_wedding/app/logging_config.py:42]
2025-03-11 11:23:33,084 INFO: Wedding application startup [in /Users/jaimeaznar/Desktop/website_wedding/app/logging_config.py:42]
2025-03-11 11:23:33,084 INFO: Wedding application startup [in /Users/jaimeaznar/Desktop/website_wedding/app/logging_config.py:42]
2025-03-11 11:23:33,084 INFO: Wedding application startup [in /Users/jaimeaznar/Desktop/website_wedding/app/logging_config.py:42]
2025-03-11 11:23:33,084 INFO: Wedding application startup [in /Users/jaimeaznar/Desktop/website_wedding/app/logging_config.py:42]
2025-03-11 11:23:33,084 INFO: Wedding application startup [in /Users/jaimeaznar/Desktop/website_wedding/app/logging_config.py:42]
2025-03-11 11:23:33,084 INFO: Wedding application startup [in /Users/jaimeaznar/Desktop/website_wedding/app/logging_config.py:42]
2025-03-11 11:23:33,084 INFO: Wedding application startup [in /Users/jaimeaznar/Desktop/website_wedding/app/logging_config.py:42]
2025-03-11 11:23:33,084 INFO: Wedding application startup [in /Users/jaimeaznar/Desktop/website_wedding/app/logging_config.py:42]
2025-03-11 11:23:33,084 INFO: Wedding application startup [in /Users/jaimeaznar/Desktop/website_wedding/app/logging_config.py:42]
2025-03-11 11:23:33,084 INFO: Wedding application startup [in /Users/jaimeaznar/Desktop/website_wedding/app/logging_config.py:42]
2025-03-11 11:23:33,084 INFO: Wedding application startup [in /Users/jaimeaznar/Desktop/website_wedding/app/logging_config.py:42]
2025-03-11 11:23:33,107 INFO: Wedding application startup [in /Users/jaimeaznar/Desktop/website_wedding/app/logging_config.py:42]
2025-03-11 11:23:33,107 INFO: Wedding application startup [in /Users/jaimeaznar/Desktop/website_wedding/app/logging_config.py:42]
2025-03-11 11:23:33,107 INFO: Wedding application startup [in /Users/jaimeaznar/Desktop/website_wedding/app/logging_config.py:42]
2025-03-11 11:23:33,107 INFO: Wedding application startup [in /Users/jaimeaznar/Desktop/website_wedding/app/logging_config.py:42]
2025-03-11 11:23:33,107 INFO: Wedding application startup [in /Users/jaimeaznar/Desktop/website_wedding/app/logging_config.py:42]
2025-03-11 11:23:33,107 INFO: Wedding application startup [in /Users/jaimeaznar/Desktop/website_wedding/app/logging_config.py:42]
2025-03-11 11:23:33,107 INFO: Wedding application startup [in /Users/jaimeaznar/Desktop/website_wedding/app/logging_config.py:42]
2025-03-11 11:23:33,107 INFO: Wedding application startup [in /Users/jaimeaznar/Desktop/website_wedding/app/logging_config.py:42]
2025-03-11 11:23:33,107 INFO: Wedding application startup [in /Users/jaimeaznar/Desktop/website_wedding/app/logging_config.py:42]
2025-03-11 11:23:33,107 INFO: Wedding application startup [in /Users/jaimeaznar/Desktop/website_wedding/app/logging_config.py:42]
2025-03-11 11:23:33,107 INFO: Wedding application startup [in /Users/jaimeaznar/Desktop/website_wedding/app/logging_config.py:42]
2025-03-11 11:23:33,107 INFO: Wedding application startup [in /Users/jaimeaznar/Desktop/website_wedding/app/logging_config.py:42]
2025-03-11 11:23:33,107 INFO: Wedding application startup [in /Users/jaimeaznar/Desktop/website_wedding/app/logging_config.py:42]
2025-03-11 11:23:33,107 INFO: Wedding application startup [in /Users/jaimeaznar/Desktop/website_wedding/app/logging_config.py:42]
2025-03-11 11:23:33,154 INFO: Wedding application startup [in /Users/jaimeaznar/Desktop/website_wedding/app/logging_config.py:42]
2025-03-11 11:23:33,154 INFO: Wedding application startup [in /Users/jaimeaznar/Desktop/website_wedding/app/logging_config.py:42]
2025-03-11 11:23:33,154 INFO: Wedding application startup [in /Users/jaimeaznar/Desktop/website_wedding/app/logging_config.py:42]
2025-03-11 11:23:33,154 INFO: Wedding application startup [in /Users/jaimeaznar/Desktop/website_wedding/app/logging_config.py:42]
2025-03-11 11:23:33,154 INFO: Wedding application startup [in /Users/jaimeaznar/Desktop/website_wedding/app/logging_config.py:42]
2025-03-11 11:23:33,154 INFO: Wedding application startup [in /Users/jaimeaznar/Desktop/website_wedding/app/logging_config.py:42]
2025-03-11 11:23:33,154 INFO: Wedding application startup [in /Users/jaimeaznar/Desktop/website_wedding/app/logging_config.py:42]
2025-03-11 11:23:33,154 INFO: Wedding application startup [in /Users/jaimeaznar/Desktop/website_wedding/app/logging_config.py:42]
2025-03-11 11:23:33,154 INFO: Wedding application startup [in /Users/jaimeaznar/Desktop/website_wedding/app/logging_config.py:42]
2025-03-11 11:23:33,154 INFO: Wedding application startup [in /Users/jaimeaznar/Desktop/website_wedding/app/logging_config.py:42]
2025-03-11 11:23:33,154 INFO: Wedding application startup [in /Users/jaimeaznar/Desktop/website_wedding/app/logging_config.py:42]
2025-03-11 11:23:33,154 INFO: Wedding application startup [in /Users/jaimeaznar/Desktop/website_wedding/app/logging_config.py:42]
2025-03-11 11:23:33,154 INFO: Wedding application startup [in /Users/jaimeaznar/Desktop/website_wedding/app/logging_config.py:42]
2025-03-11 11:23:33,154 INFO: Wedding application startup [in /Users/jaimeaznar/Desktop/website_wedding/app/logging_config.py:42]
2025-03-11 11:23:33,154 INFO: Wedding application startup [in /Users/jaimeaznar/Desktop/website_wedding/app/logging_config.py:42]
2025-03-11 11:23:33,166 INFO: 404 error: /rsvp/invalid-token [in /Users/jaimeaznar/Desktop/website_wedding/app/error_handlers.py:15]
2025-03-11 11:23:33,166 INFO: 404 error: /rsvp/invalid-token [in /Users/jaimeaznar/Desktop/website_wedding/app/error_handlers.py:15]
2025-03-11 11:23:33,166 INFO: 404 error: /rsvp/invalid-token [in /Users/jaimeaznar/Desktop/website_wedding/app/error_handlers.py:15]
2025-03-11 11:23:33,166 INFO: 404 error: /rsvp/invalid-token [in /Users/jaimeaznar/Desktop/website_wedding/app/error_handlers.py:15]
2025-03-11 11:23:33,166 INFO: 404 error: /rsvp/invalid-token [in /Users/jaimeaznar/Desktop/website_wedding/app/error_handlers.py:15]
2025-03-11 11:23:33,166 INFO: 404 error: /rsvp/invalid-token [in /Users/jaimeaznar/Desktop/website_wedding/app/error_handlers.py:15]
2025-03-11 11:23:33,166 INFO: 404 error: /rsvp/invalid-token [in /Users/jaimeaznar/Desktop/website_wedding/app/error_handlers.py:15]
2025-03-11 11:23:33,166 INFO: 404 error: /rsvp/invalid-token [in /Users/jaimeaznar/Desktop/website_wedding/app/error_handlers.py:15]
2025-03-11 11:23:33,166 INFO: 404 error: /rsvp/invalid-token [in /Users/jaimeaznar/Desktop/website_wedding/app/error_handlers.py:15]
2025-03-11 11:23:33,166 INFO: 404 error: /rsvp/invalid-token [in /Users/jaimeaznar/Desktop/website_wedding/app/error_handlers.py:15]
2025-03-11 11:23:33,166 INFO: 404 error: /rsvp/invalid-token [in /Users/jaimeaznar/Desktop/website_wedding/app/error_handlers.py:15]
2025-03-11 11:23:33,166 INFO: 404 error: /rsvp/invalid-token [in /Users/jaimeaznar/Desktop/website_wedding/app/error_handlers.py:15]
2025-03-11 11:23:33,166 INFO: 404 error: /rsvp/invalid-token [in /Users/jaimeaznar/Desktop/website_wedding/app/error_handlers.py:15]
2025-03-11 11:23:33,166 INFO: 404 error: /rsvp/invalid-token [in /Users/jaimeaznar/Desktop/website_wedding/app/error_handlers.py:15]
2025-03-11 11:23:33,166 INFO: 404 error: /rsvp/invalid-token [in /Users/jaimeaznar/Desktop/website_wedding/app/error_handlers.py:15]
2025-03-11 11:23:33,178 INFO: Wedding application startup [in /Users/jaimeaznar/Desktop/website_wedding/app/logging_config.py:42]
2025-03-11 11:23:33,178 INFO: Wedding application startup [in /Users/jaimeaznar/Desktop/website_wedding/app/logging_config.py:42]
2025-03-11 11:23:33,178 INFO: Wedding application startup [in /Users/jaimeaznar/Desktop/website_wedding/app/logging_config.py:42]
2025-03-11 11:23:33,178 INFO: Wedding application startup [in /Users/jaimeaznar/Desktop/website_wedding/app/logging_config.py:42]
2025-03-11 11:23:33,178 INFO: Wedding application startup [in /Users/jaimeaznar/Desktop/website_wedding/app/logging_config.py:42]
2025-03-11 11:23:33,178 INFO: Wedding application startup [in /Users/jaimeaznar/Desktop/website_wedding/app/logging_config.py:42]
2025-03-11 11:23:33,178 INFO: Wedding application startup [in /Users/jaimeaznar/Desktop/website_wedding/app/logging_config.py:42]
2025-03-11 11:23:33,178 INFO: Wedding application startup [in /Users/jaimeaznar/Desktop/website_wedding/app/logging_config.py:42]
2025-03-11 11:23:33,178 INFO: Wedding application startup [in /Users/jaimeaznar/Desktop/website_wedding/app/logging_config.py:42]
2025-03-11 11:23:33,178 INFO: Wedding application startup [in /Users/jaimeaznar/Desktop/website_wedding/app/logging_config.py:42]
2025-03-11 11:23:33,178 INFO: Wedding application startup [in /Users/jaimeaznar/Desktop/website_wedding/app/logging_config.py:42]
2025-03-11 11:23:33,178 INFO: Wedding application startup [in /Users/jaimeaznar/Desktop/website_wedding/app/logging_config.py:42]
2025-03-11 11:23:33,178 INFO: Wedding application startup [in /Users/jaimeaznar/Desktop/website_wedding/app/logging_config.py:42]
2025-03-11 11:23:33,178 INFO: Wedding application startup [in /Users/jaimeaznar/Desktop/website_wedding/app/logging_config.py:42]
2025-03-11 11:23:33,178 INFO: Wedding application startup [in /Users/jaimeaznar/Desktop/website_wedding/app/logging_config.py:42]
2025-03-11 11:23:33,178 INFO: Wedding application startup [in /Users/jaimeaznar/Desktop/website_wedding/app/logging_config.py:42]
2025-03-11 11:23:33,224 INFO: Wedding application startup [in /Users/jaimeaznar/Desktop/website_wedding/app/logging_config.py:42]
2025-03-11 11:23:33,224 INFO: Wedding application startup [in /Users/jaimeaznar/Desktop/website_wedding/app/logging_config.py:42]
2025-03-11 11:23:33,224 INFO: Wedding application startup [in /Users/jaimeaznar/Desktop/website_wedding/app/logging_config.py:42]
2025-03-11 11:23:33,224 INFO: Wedding application startup [in /Users/jaimeaznar/Desktop/website_wedding/app/logging_config.py:42]
2025-03-11 11:23:33,224 INFO: Wedding application startup [in /Users/jaimeaznar/Desktop/website_wedding/app/logging_config.py:42]
2025-03-11 11:23:33,224 INFO: Wedding application startup [in /Users/jaimeaznar/Desktop/website_wedding/app/logging_config.py:42]
2025-03-11 11:23:33,224 INFO: Wedding application startup [in /Users/jaimeaznar/Desktop/website_wedding/app/logging_config.py:42]
2025-03-11 11:23:33,224 INFO: Wedding application startup [in /Users/jaimeaznar/Desktop/website_wedding/app/logging_config.py:42]
2025-03-11 11:23:33,224 INFO: Wedding application startup [in /Users/jaimeaznar/Desktop/website_wedding/app/logging_config.py:42]
2025-03-11 11:23:33,224 INFO: Wedding application startup [in /Users/jaimeaznar/Desktop/website_wedding/app/logging_config.py:42]
2025-03-11 11:23:33,224 INFO: Wedding application startup [in /Users/jaimeaznar/Desktop/website_wedding/app/logging_config.py:42]
2025-03-11 11:23:33,224 INFO: Wedding application startup [in /Users/jaimeaznar/Desktop/website_wedding/app/logging_config.py:42]
2025-03-11 11:23:33,224 INFO: Wedding application startup [in /Users/jaimeaznar/Desktop/website_wedding/app/logging_config.py:42]
2025-03-11 11:23:33,224 INFO: Wedding application startup [in /Users/jaimeaznar/Desktop/website_wedding/app/logging_config.py:42]
2025-03-11 11:23:33,224 INFO: Wedding application startup [in /Users/jaimeaznar/Desktop/website_wedding/app/logging_config.py:42]
2025-03-11 11:23:33,224 INFO: Wedding application startup [in /Users/jaimeaznar/Desktop/website_wedding/app/logging_config.py:42]
2025-03-11 11:23:33,224 INFO: Wedding application startup [in /Users/jaimeaznar/Desktop/website_wedding/app/logging_config.py:42]
2025-03-11 11:23:33,253 ERROR: Error sending cancellation email: The message does not specify a sender and a default sender has not been configured [in /Users/jaimeaznar/Desktop/website_wedding/app/utils/email.py:55]
2025-03-11 11:23:33,253 ERROR: Error sending cancellation email: The message does not specify a sender and a default sender has not been configured [in /Users/jaimeaznar/Desktop/website_wedding/app/utils/email.py:55]
2025-03-11 11:23:33,253 ERROR: Error sending cancellation email: The message does not specify a sender and a default sender has not been configured [in /Users/jaimeaznar/Desktop/website_wedding/app/utils/email.py:55]
2025-03-11 11:23:33,253 ERROR: Error sending cancellation email: The message does not specify a sender and a default sender has not been configured [in /Users/jaimeaznar/Desktop/website_wedding/app/utils/email.py:55]
2025-03-11 11:23:33,253 ERROR: Error sending cancellation email: The message does not specify a sender and a default sender has not been configured [in /Users/jaimeaznar/Desktop/website_wedding/app/utils/email.py:55]
2025-03-11 11:23:33,253 ERROR: Error sending cancellation email: The message does not specify a sender and a default sender has not been configured [in /Users/jaimeaznar/Desktop/website_wedding/app/utils/email.py:55]
2025-03-11 11:23:33,253 ERROR: Error sending cancellation email: The message does not specify a sender and a default sender has not been configured [in /Users/jaimeaznar/Desktop/website_wedding/app/utils/email.py:55]
2025-03-11 11:23:33,253 ERROR: Error sending cancellation email: The message does not specify a sender and a default sender has not been configured [in /Users/jaimeaznar/Desktop/website_wedding/app/utils/email.py:55]
2025-03-11 11:23:33,253 ERROR: Error sending cancellation email: The message does not specify a sender and a default sender has not been configured [in /Users/jaimeaznar/Desktop/website_wedding/app/utils/email.py:55]
2025-03-11 11:23:33,253 ERROR: Error sending cancellation email: The message does not specify a sender and a default sender has not been configured [in /Users/jaimeaznar/Desktop/website_wedding/app/utils/email.py:55]
2025-03-11 11:23:33,253 ERROR: Error sending cancellation email: The message does not specify a sender and a default sender has not been configured [in /Users/jaimeaznar/Desktop/website_wedding/app/utils/email.py:55]
2025-03-11 11:23:33,253 ERROR: Error sending cancellation email: The message does not specify a sender and a default sender has not been configured [in /Users/jaimeaznar/Desktop/website_wedding/app/utils/email.py:55]
2025-03-11 11:23:33,253 ERROR: Error sending cancellation email: The message does not specify a sender and a default sender has not been configured [in /Users/jaimeaznar/Desktop/website_wedding/app/utils/email.py:55]
2025-03-11 11:23:33,253 ERROR: Error sending cancellation email: The message does not specify a sender and a default sender has not been configured [in /Users/jaimeaznar/Desktop/website_wedding/app/utils/email.py:55]
2025-03-11 11:23:33,253 ERROR: Error sending cancellation email: The message does not specify a sender and a default sender has not been configured [in /Users/jaimeaznar/Desktop/website_wedding/app/utils/email.py:55]
2025-03-11 11:23:33,253 ERROR: Error sending cancellation email: The message does not specify a sender and a default sender has not been configured [in /Users/jaimeaznar/Desktop/website_wedding/app/utils/email.py:55]
2025-03-11 11:23:33,253 ERROR: Error sending cancellation email: The message does not specify a sender and a default sender has not been configured [in /Users/jaimeaznar/Desktop/website_wedding/app/utils/email.py:55]
2025-03-11 11:23:33,254 INFO: RSVP cancelled for: Test Guest [in /Users/jaimeaznar/Desktop/website_wedding/app/routes/rsvp.py:211]
2025-03-11 11:23:33,254 INFO: RSVP cancelled for: Test Guest [in /Users/jaimeaznar/Desktop/website_wedding/app/routes/rsvp.py:211]
2025-03-11 11:23:33,254 INFO: RSVP cancelled for: Test Guest [in /Users/jaimeaznar/Desktop/website_wedding/app/routes/rsvp.py:211]
2025-03-11 11:23:33,254 INFO: RSVP cancelled for: Test Guest [in /Users/jaimeaznar/Desktop/website_wedding/app/routes/rsvp.py:211]
2025-03-11 11:23:33,254 INFO: RSVP cancelled for: Test Guest [in /Users/jaimeaznar/Desktop/website_wedding/app/routes/rsvp.py:211]
2025-03-11 11:23:33,254 INFO: RSVP cancelled for: Test Guest [in /Users/jaimeaznar/Desktop/website_wedding/app/routes/rsvp.py:211]
2025-03-11 11:23:33,254 INFO: RSVP cancelled for: Test Guest [in /Users/jaimeaznar/Desktop/website_wedding/app/routes/rsvp.py:211]
2025-03-11 11:23:33,254 INFO: RSVP cancelled for: Test Guest [in /Users/jaimeaznar/Desktop/website_wedding/app/routes/rsvp.py:211]
2025-03-11 11:23:33,254 INFO: RSVP cancelled for: Test Guest [in /Users/jaimeaznar/Desktop/website_wedding/app/routes/rsvp.py:211]
2025-03-11 11:23:33,254 INFO: RSVP cancelled for: Test Guest [in /Users/jaimeaznar/Desktop/website_wedding/app/routes/rsvp.py:211]
2025-03-11 11:23:33,254 INFO: RSVP cancelled for: Test Guest [in /Users/jaimeaznar/Desktop/website_wedding/app/routes/rsvp.py:211]
2025-03-11 11:23:33,254 INFO: RSVP cancelled for: Test Guest [in /Users/jaimeaznar/Desktop/website_wedding/app/routes/rsvp.py:211]
2025-03-11 11:23:33,254 INFO: RSVP cancelled for: Test Guest [in /Users/jaimeaznar/Desktop/website_wedding/app/routes/rsvp.py:211]
2025-03-11 11:23:33,254 INFO: RSVP cancelled for: Test Guest [in /Users/jaimeaznar/Desktop/website_wedding/app/routes/rsvp.py:211]
2025-03-11 11:23:33,254 INFO: RSVP cancelled for: Test Guest [in /Users/jaimeaznar/Desktop/website_wedding/app/routes/rsvp.py:211]
2025-03-11 11:23:33,254 INFO: RSVP cancelled for: Test Guest [in /Users/jaimeaznar/Desktop/website_wedding/app/routes/rsvp.py:211]
2025-03-11 11:23:33,254 INFO: RSVP cancelled for: Test Guest [in /Users/jaimeaznar/Desktop/website_wedding/app/routes/rsvp.py:211]
2025-03-11 11:23:33,290 INFO: Wedding application startup [in /Users/jaimeaznar/Desktop/website_wedding/app/logging_config.py:42]
2025-03-11 11:23:33,290 INFO: Wedding application startup [in /Users/jaimeaznar/Desktop/website_wedding/app/logging_config.py:42]
2025-03-11 11:23:33,290 INFO: Wedding application startup [in /Users/jaimeaznar/Desktop/website_wedding/app/logging_config.py:42]
2025-03-11 11:23:33,290 INFO: Wedding application startup [in /Users/jaimeaznar/Desktop/website_wedding/app/logging_config.py:42]
2025-03-11 11:23:33,290 INFO: Wedding application startup [in /Users/jaimeaznar/Desktop/website_wedding/app/logging_config.py:42]
2025-03-11 11:23:33,290 INFO: Wedding application startup [in /Users/jaimeaznar/Desktop/website_wedding/app/logging_config.py:42]
2025-03-11 11:23:33,290 INFO: Wedding application startup [in /Users/jaimeaznar/Desktop/website_wedding/app/logging_config.py:42]
2025-03-11 11:23:33,290 INFO: Wedding application startup [in /Users/jaimeaznar/Desktop/website_wedding/app/logging_config.py:42]
2025-03-11 11:23:33,290 INFO: Wedding application startup [in /Users/jaimeaznar/Desktop/website_wedding/app/logging_config.py:42]
2025-03-11 11:23:33,290 INFO: Wedding application startup [in /Users/jaimeaznar/Desktop/website_wedding/app/logging_config.py:42]
2025-03-11 11:23:33,290 INFO: Wedding application startup [in /Users/jaimeaznar/Desktop/website_wedding/app/logging_config.py:42]
2025-03-11 11:23:33,290 INFO: Wedding application startup [in /Users/jaimeaznar/Desktop/website_wedding/app/logging_config.py:42]
2025-03-11 11:23:33,290 INFO: Wedding application startup [in /Users/jaimeaznar/Desktop/website_wedding/app/logging_config.py:42]
2025-03-11 11:23:33,290 INFO: Wedding application startup [in /Users/jaimeaznar/Desktop/website_wedding/app/logging_config.py:42]
2025-03-11 11:23:33,290 INFO: Wedding application startup [in /Users/jaimeaznar/Desktop/website_wedding/app/logging_config.py:42]
2025-03-11 11:23:33,290 INFO: Wedding application startup [in /Users/jaimeaznar/Desktop/website_wedding/app/logging_config.py:42]
2025-03-11 11:23:33,290 INFO: Wedding application startup [in /Users/jaimeaznar/Desktop/website_wedding/app/logging_config.py:42]
2025-03-11 11:23:33,290 INFO: Wedding application startup [in /Users/jaimeaznar/Desktop/website_wedding/app/logging_config.py:42]
2025-03-11 11:23:33,313 INFO: Wedding application startup [in /Users/jaimeaznar/Desktop/website_wedding/app/logging_config.py:42]
2025-03-11 11:23:33,313 INFO: Wedding application startup [in /Users/jaimeaznar/Desktop/website_wedding/app/logging_config.py:42]
2025-03-11 11:23:33,313 INFO: Wedding application startup [in /Users/jaimeaznar/Desktop/website_wedding/app/logging_config.py:42]
2025-03-11 11:23:33,313 INFO: Wedding application startup [in /Users/jaimeaznar/Desktop/website_wedding/app/logging_config.py:42]
2025-03-11 11:23:33,313 INFO: Wedding application startup [in /Users/jaimeaznar/Desktop/website_wedding/app/logging_config.py:42]
2025-03-11 11:23:33,313 INFO: Wedding application startup [in /Users/jaimeaznar/Desktop/website_wedding/app/logging_config.py:42]
2025-03-11 11:23:33,313 INFO: Wedding application startup [in /Users/jaimeaznar/Desktop/website_wedding/app/logging_config.py:42]
2025-03-11 11:23:33,313 INFO: Wedding application startup [in /Users/jaimeaznar/Desktop/website_wedding/app/logging_config.py:42]
2025-03-11 11:23:33,313 INFO: Wedding application startup [in /Users/jaimeaznar/Desktop/website_wedding/app/logging_config.py:42]
2025-03-11 11:23:33,313 INFO: Wedding application startup [in /Users/jaimeaznar/Desktop/website_wedding/app/logging_config.py:42]
2025-03-11 11:23:33,313 INFO: Wedding application startup [in /Users/jaimeaznar/Desktop/website_wedding/app/logging_config.py:42]
2025-03-11 11:23:33,313 INFO: Wedding application startup [in /Users/jaimeaznar/Desktop/website_wedding/app/logging_config.py:42]
2025-03-11 11:23:33,313 INFO: Wedding application startup [in /Users/jaimeaznar/Desktop/website_wedding/app/logging_config.py:42]
2025-03-11 11:23:33,313 INFO: Wedding application startup [in /Users/jaimeaznar/Desktop/website_wedding/app/logging_config.py:42]
2025-03-11 11:23:33,313 INFO: Wedding application startup [in /Users/jaimeaznar/Desktop/website_wedding/app/logging_config.py:42]
2025-03-11 11:23:33,313 INFO: Wedding application startup [in /Users/jaimeaznar/Desktop/website_wedding/app/logging_config.py:42]
2025-03-11 11:23:33,313 INFO: Wedding application startup [in /Users/jaimeaznar/Desktop/website_wedding/app/logging_config.py:42]
2025-03-11 11:23:33,313 INFO: Wedding application startup [in /Users/jaimeaznar/Desktop/website_wedding/app/logging_config.py:42]
2025-03-11 11:23:33,313 INFO: Wedding application startup [in /Users/jaimeaznar/Desktop/website_wedding/app/logging_config.py:42]
2025-03-11 11:23:33,337 INFO: Wedding application startup [in /Users/jaimeaznar/Desktop/website_wedding/app/logging_config.py:42]
2025-03-11 11:23:33,337 INFO: Wedding application startup [in /Users/jaimeaznar/Desktop/website_wedding/app/logging_config.py:42]
2025-03-11 11:23:33,337 INFO: Wedding application startup [in /Users/jaimeaznar/Desktop/website_wedding/app/logging_config.py:42]
2025-03-11 11:23:33,337 INFO: Wedding application startup [in /Users/jaimeaznar/Desktop/website_wedding/app/logging_config.py:42]
2025-03-11 11:23:33,337 INFO: Wedding application startup [in /Users/jaimeaznar/Desktop/website_wedding/app/logging_config.py:42]
2025-03-11 11:23:33,337 INFO: Wedding application startup [in /Users/jaimeaznar/Desktop/website_wedding/app/logging_config.py:42]
2025-03-11 11:23:33,337 INFO: Wedding application startup [in /Users/jaimeaznar/Desktop/website_wedding/app/logging_config.py:42]
2025-03-11 11:23:33,337 INFO: Wedding application startup [in /Users/jaimeaznar/Desktop/website_wedding/app/logging_config.py:42]
2025-03-11 11:23:33,337 INFO: Wedding application startup [in /Users/jaimeaznar/Desktop/website_wedding/app/logging_config.py:42]
2025-03-11 11:23:33,337 INFO: Wedding application startup [in /Users/jaimeaznar/Desktop/website_wedding/app/logging_config.py:42]
2025-03-11 11:23:33,337 INFO: Wedding application startup [in /Users/jaimeaznar/Desktop/website_wedding/app/logging_config.py:42]
2025-03-11 11:23:33,337 INFO: Wedding application startup [in /Users/jaimeaznar/Desktop/website_wedding/app/logging_config.py:42]
2025-03-11 11:23:33,337 INFO: Wedding application startup [in /Users/jaimeaznar/Desktop/website_wedding/app/logging_config.py:42]
2025-03-11 11:23:33,337 INFO: Wedding application startup [in /Users/jaimeaznar/Desktop/website_wedding/app/logging_config.py:42]
2025-03-11 11:23:33,337 INFO: Wedding application startup [in /Users/jaimeaznar/Desktop/website_wedding/app/logging_config.py:42]
2025-03-11 11:23:33,337 INFO: Wedding application startup [in /Users/jaimeaznar/Desktop/website_wedding/app/logging_config.py:42]
2025-03-11 11:23:33,337 INFO: Wedding application startup [in /Users/jaimeaznar/Desktop/website_wedding/app/logging_config.py:42]
2025-03-11 11:23:33,337 INFO: Wedding application startup [in /Users/jaimeaznar/Desktop/website_wedding/app/logging_config.py:42]
2025-03-11 11:23:33,337 INFO: Wedding application startup [in /Users/jaimeaznar/Desktop/website_wedding/app/logging_config.py:42]
2025-03-11 11:23:33,337 INFO: Wedding application startup [in /Users/jaimeaznar/Desktop/website_wedding/app/logging_config.py:42]
2025-03-11 11:23:33,356 INFO: Wedding application startup [in /Users/jaimeaznar/Desktop/website_wedding/app/logging_config.py:42]
2025-03-11 11:23:33,356 INFO: Wedding application startup [in /Users/jaimeaznar/Desktop/website_wedding/app/logging_config.py:42]
2025-03-11 11:23:33,356 INFO: Wedding application startup [in /Users/jaimeaznar/Desktop/website_wedding/app/logging_config.py:42]
2025-03-11 11:23:33,356 INFO: Wedding application startup [in /Users/jaimeaznar/Desktop/website_wedding/app/logging_config.py:42]
2025-03-11 11:23:33,356 INFO: Wedding application startup [in /Users/jaimeaznar/Desktop/website_wedding/app/logging_config.py:42]
2025-03-11 11:23:33,356 INFO: Wedding application startup [in /Users/jaimeaznar/Desktop/website_wedding/app/logging_config.py:42]
2025-03-11 11:23:33,356 INFO: Wedding application startup [in /Users/jaimeaznar/Desktop/website_wedding/app/logging_config.py:42]
2025-03-11 11:23:33,356 INFO: Wedding application startup [in /Users/jaimeaznar/Desktop/website_wedding/app/logging_config.py:42]
2025-03-11 11:23:33,356 INFO: Wedding application startup [in /Users/jaimeaznar/Desktop/website_wedding/app/logging_config.py:42]
2025-03-11 11:23:33,356 INFO: Wedding application startup [in /Users/jaimeaznar/Desktop/website_wedding/app/logging_config.py:42]
2025-03-11 11:23:33,356 INFO: Wedding application startup [in /Users/jaimeaznar/Desktop/website_wedding/app/logging_config.py:42]
2025-03-11 11:23:33,356 INFO: Wedding application startup [in /Users/jaimeaznar/Desktop/website_wedding/app/logging_config.py:42]
2025-03-11 11:23:33,356 INFO: Wedding application startup [in /Users/jaimeaznar/Desktop/website_wedding/app/logging_config.py:42]
2025-03-11 11:23:33,356 INFO: Wedding application startup [in /Users/jaimeaznar/Desktop/website_wedding/app/logging_config.py:42]
2025-03-11 11:23:33,356 INFO: Wedding application startup [in /Users/jaimeaznar/Desktop/website_wedding/app/logging_config.py:42]
2025-03-11 11:23:33,356 INFO: Wedding application startup [in /Users/jaimeaznar/Desktop/website_wedding/app/logging_config.py:42]
2025-03-11 11:23:33,356 INFO: Wedding application startup [in /Users/jaimeaznar/Desktop/website_wedding/app/logging_config.py:42]
2025-03-11 11:23:33,356 INFO: Wedding application startup [in /Users/jaimeaznar/Desktop/website_wedding/app/logging_config.py:42]
2025-03-11 11:23:33,356 INFO: Wedding application startup [in /Users/jaimeaznar/Desktop/website_wedding/app/logging_config.py:42]
2025-03-11 11:23:33,356 INFO: Wedding application startup [in /Users/jaimeaznar/Desktop/website_wedding/app/logging_config.py:42]
2025-03-11 11:23:33,356 INFO: Wedding application startup [in /Users/jaimeaznar/Desktop/website_wedding/app/logging_config.py:42]
2025-03-11 11:23:33,375 INFO: Wedding application startup [in /Users/jaimeaznar/Desktop/website_wedding/app/logging_config.py:42]
2025-03-11 11:23:33,375 INFO: Wedding application startup [in /Users/jaimeaznar/Desktop/website_wedding/app/logging_config.py:42]
2025-03-11 11:23:33,375 INFO: Wedding application startup [in /Users/jaimeaznar/Desktop/website_wedding/app/logging_config.py:42]
2025-03-11 11:23:33,375 INFO: Wedding application startup [in /Users/jaimeaznar/Desktop/website_wedding/app/logging_config.py:42]
2025-03-11 11:23:33,375 INFO: Wedding application startup [in /Users/jaimeaznar/Desktop/website_wedding/app/logging_config.py:42]
2025-03-11 11:23:33,375 INFO: Wedding application startup [in /Users/jaimeaznar/Desktop/website_wedding/app/logging_config.py:42]
2025-03-11 11:23:33,375 INFO: Wedding application startup [in /Users/jaimeaznar/Desktop/website_wedding/app/logging_config.py:42]
2025-03-11 11:23:33,375 INFO: Wedding application startup [in /Users/jaimeaznar/Desktop/website_wedding/app/logging_config.py:42]
2025-03-11 11:23:33,375 INFO: Wedding application startup [in /Users/jaimeaznar/Desktop/website_wedding/app/logging_config.py:42]
2025-03-11 11:23:33,375 INFO: Wedding application startup [in /Users/jaimeaznar/Desktop/website_wedding/app/logging_config.py:42]
2025-03-11 11:23:33,375 INFO: Wedding application startup [in /Users/jaimeaznar/Desktop/website_wedding/app/logging_config.py:42]
2025-03-11 11:23:33,375 INFO: Wedding application startup [in /Users/jaimeaznar/Desktop/website_wedding/app/logging_config.py:42]
2025-03-11 11:23:33,375 INFO: Wedding application startup [in /Users/jaimeaznar/Desktop/website_wedding/app/logging_config.py:42]
2025-03-11 11:23:33,375 INFO: Wedding application startup [in /Users/jaimeaznar/Desktop/website_wedding/app/logging_config.py:42]
2025-03-11 11:23:33,375 INFO: Wedding application startup [in /Users/jaimeaznar/Desktop/website_wedding/app/logging_config.py:42]
2025-03-11 11:23:33,375 INFO: Wedding application startup [in /Users/jaimeaznar/Desktop/website_wedding/app/logging_config.py:42]
2025-03-11 11:23:33,375 INFO: Wedding application startup [in /Users/jaimeaznar/Desktop/website_wedding/app/logging_config.py:42]
2025-03-11 11:23:33,375 INFO: Wedding application startup [in /Users/jaimeaznar/Desktop/website_wedding/app/logging_config.py:42]
2025-03-11 11:23:33,375 INFO: Wedding application startup [in /Users/jaimeaznar/Desktop/website_wedding/app/logging_config.py:42]
2025-03-11 11:23:33,375 INFO: Wedding application startup [in /Users/jaimeaznar/Desktop/website_wedding/app/logging_config.py:42]
2025-03-11 11:23:33,375 INFO: Wedding application startup [in /Users/jaimeaznar/Desktop/website_wedding/app/logging_config.py:42]
2025-03-11 11:23:33,375 INFO: Wedding application startup [in /Users/jaimeaznar/Desktop/website_wedding/app/logging_config.py:42]
2025-03-11 11:23:33,394 INFO: Wedding application startup [in /Users/jaimeaznar/Desktop/website_wedding/app/logging_config.py:42]
2025-03-11 11:23:33,394 INFO: Wedding application startup [in /Users/jaimeaznar/Desktop/website_wedding/app/logging_config.py:42]
2025-03-11 11:23:33,394 INFO: Wedding application startup [in /Users/jaimeaznar/Desktop/website_wedding/app/logging_config.py:42]
2025-03-11 11:23:33,394 INFO: Wedding application startup [in /Users/jaimeaznar/Desktop/website_wedding/app/logging_config.py:42]
2025-03-11 11:23:33,394 INFO: Wedding application startup [in /Users/jaimeaznar/Desktop/website_wedding/app/logging_config.py:42]
2025-03-11 11:23:33,394 INFO: Wedding application startup [in /Users/jaimeaznar/Desktop/website_wedding/app/logging_config.py:42]
2025-03-11 11:23:33,394 INFO: Wedding application startup [in /Users/jaimeaznar/Desktop/website_wedding/app/logging_config.py:42]
2025-03-11 11:23:33,394 INFO: Wedding application startup [in /Users/jaimeaznar/Desktop/website_wedding/app/logging_config.py:42]
2025-03-11 11:23:33,394 INFO: Wedding application startup [in /Users/jaimeaznar/Desktop/website_wedding/app/logging_config.py:42]
2025-03-11 11:23:33,394 INFO: Wedding application startup [in /Users/jaimeaznar/Desktop/website_wedding/app/logging_config.py:42]
2025-03-11 11:23:33,394 INFO: Wedding application startup [in /Users/jaimeaznar/Desktop/website_wedding/app/logging_config.py:42]
2025-03-11 11:23:33,394 INFO: Wedding application startup [in /Users/jaimeaznar/Desktop/website_wedding/app/logging_config.py:42]
2025-03-11 11:23:33,394 INFO: Wedding application startup [in /Users/jaimeaznar/Desktop/website_wedding/app/logging_config.py:42]
2025-03-11 11:23:33,394 INFO: Wedding application startup [in /Users/jaimeaznar/Desktop/website_wedding/app/logging_config.py:42]
2025-03-11 11:23:33,394 INFO: Wedding application startup [in /Users/jaimeaznar/Desktop/website_wedding/app/logging_config.py:42]
2025-03-11 11:23:33,394 INFO: Wedding application startup [in /Users/jaimeaznar/Desktop/website_wedding/app/logging_config.py:42]
2025-03-11 11:23:33,394 INFO: Wedding application startup [in /Users/jaimeaznar/Desktop/website_wedding/app/logging_config.py:42]
2025-03-11 11:23:33,394 INFO: Wedding application startup [in /Users/jaimeaznar/Desktop/website_wedding/app/logging_config.py:42]
2025-03-11 11:23:33,394 INFO: Wedding application startup [in /Users/jaimeaznar/Desktop/website_wedding/app/logging_config.py:42]
2025-03-11 11:23:33,394 INFO: Wedding application startup [in /Users/jaimeaznar/Desktop/website_wedding/app/logging_config.py:42]
2025-03-11 11:23:33,394 INFO: Wedding application startup [in /Users/jaimeaznar/Desktop/website_wedding/app/logging_config.py:42]
2025-03-11 11:23:33,394 INFO: Wedding application startup [in /Users/jaimeaznar/Desktop/website_wedding/app/logging_config.py:42]
2025-03-11 11:23:33,394 INFO: Wedding application startup [in /Users/jaimeaznar/Desktop/website_wedding/app/logging_config.py:42]
2025-03-11 11:23:33,418 INFO: Wedding application startup [in /Users/jaimeaznar/Desktop/website_wedding/app/logging_config.py:42]
2025-03-11 11:23:33,418 INFO: Wedding application startup [in /Users/jaimeaznar/Desktop/website_wedding/app/logging_config.py:42]
2025-03-11 11:23:33,418 INFO: Wedding application startup [in /Users/jaimeaznar/Desktop/website_wedding/app/logging_config.py:42]
2025-03-11 11:23:33,418 INFO: Wedding application startup [in /Users/jaimeaznar/Desktop/website_wedding/app/logging_config.py:42]
2025-03-11 11:23:33,418 INFO: Wedding application startup [in /Users/jaimeaznar/Desktop/website_wedding/app/logging_config.py:42]
2025-03-11 11:23:33,418 INFO: Wedding application startup [in /Users/jaimeaznar/Desktop/website_wedding/app/logging_config.py:42]
2025-03-11 11:23:33,418 INFO: Wedding application startup [in /Users/jaimeaznar/Desktop/website_wedding/app/logging_config.py:42]
2025-03-11 11:23:33,418 INFO: Wedding application startup [in /Users/jaimeaznar/Desktop/website_wedding/app/logging_config.py:42]
2025-03-11 11:23:33,418 INFO: Wedding application startup [in /Users/jaimeaznar/Desktop/website_wedding/app/logging_config.py:42]
2025-03-11 11:23:33,418 INFO: Wedding application startup [in /Users/jaimeaznar/Desktop/website_wedding/app/logging_config.py:42]
2025-03-11 11:23:33,418 INFO: Wedding application startup [in /Users/jaimeaznar/Desktop/website_wedding/app/logging_config.py:42]
2025-03-11 11:23:33,418 INFO: Wedding application startup [in /Users/jaimeaznar/Desktop/website_wedding/app/logging_config.py:42]
2025-03-11 11:23:33,418 INFO: Wedding application startup [in /Users/jaimeaznar/Desktop/website_wedding/app/logging_config.py:42]
2025-03-11 11:23:33,418 INFO: Wedding application startup [in /Users/jaimeaznar/Desktop/website_wedding/app/logging_config.py:42]
2025-03-11 11:23:33,418 INFO: Wedding application startup [in /Users/jaimeaznar/Desktop/website_wedding/app/logging_config.py:42]
2025-03-11 11:23:33,418 INFO: Wedding application startup [in /Users/jaimeaznar/Desktop/website_wedding/app/logging_config.py:42]
2025-03-11 11:23:33,418 INFO: Wedding application startup [in /Users/jaimeaznar/Desktop/website_wedding/app/logging_config.py:42]
2025-03-11 11:23:33,418 INFO: Wedding application startup [in /Users/jaimeaznar/Desktop/website_wedding/app/logging_config.py:42]
2025-03-11 11:23:33,418 INFO: Wedding application startup [in /Users/jaimeaznar/Desktop/website_wedding/app/logging_config.py:42]
2025-03-11 11:23:33,418 INFO: Wedding application startup [in /Users/jaimeaznar/Desktop/website_wedding/app/logging_config.py:42]
2025-03-11 11:23:33,418 INFO: Wedding application startup [in /Users/jaimeaznar/Desktop/website_wedding/app/logging_config.py:42]
2025-03-11 11:23:33,418 INFO: Wedding application startup [in /Users/jaimeaznar/Desktop/website_wedding/app/logging_config.py:42]
2025-03-11 11:23:33,418 INFO: Wedding application startup [in /Users/jaimeaznar/Desktop/website_wedding/app/logging_config.py:42]
2025-03-11 11:23:33,418 INFO: Wedding application startup [in /Users/jaimeaznar/Desktop/website_wedding/app/logging_config.py:42]
2025-03-11 11:23:33,529 INFO: Wedding application startup [in /Users/jaimeaznar/Desktop/website_wedding/app/logging_config.py:42]
2025-03-11 11:23:33,529 INFO: Wedding application startup [in /Users/jaimeaznar/Desktop/website_wedding/app/logging_config.py:42]
2025-03-11 11:23:33,529 INFO: Wedding application startup [in /Users/jaimeaznar/Desktop/website_wedding/app/logging_config.py:42]
2025-03-11 11:23:33,529 INFO: Wedding application startup [in /Users/jaimeaznar/Desktop/website_wedding/app/logging_config.py:42]
2025-03-11 11:23:33,529 INFO: Wedding application startup [in /Users/jaimeaznar/Desktop/website_wedding/app/logging_config.py:42]
2025-03-11 11:23:33,529 INFO: Wedding application startup [in /Users/jaimeaznar/Desktop/website_wedding/app/logging_config.py:42]
2025-03-11 11:23:33,529 INFO: Wedding application startup [in /Users/jaimeaznar/Desktop/website_wedding/app/logging_config.py:42]
2025-03-11 11:23:33,529 INFO: Wedding application startup [in /Users/jaimeaznar/Desktop/website_wedding/app/logging_config.py:42]
2025-03-11 11:23:33,529 INFO: Wedding application startup [in /Users/jaimeaznar/Desktop/website_wedding/app/logging_config.py:42]
2025-03-11 11:23:33,529 INFO: Wedding application startup [in /Users/jaimeaznar/Desktop/website_wedding/app/logging_config.py:42]
2025-03-11 11:23:33,529 INFO: Wedding application startup [in /Users/jaimeaznar/Desktop/website_wedding/app/logging_config.py:42]
2025-03-11 11:23:33,529 INFO: Wedding application startup [in /Users/jaimeaznar/Desktop/website_wedding/app/logging_config.py:42]
2025-03-11 11:23:33,529 INFO: Wedding application startup [in /Users/jaimeaznar/Desktop/website_wedding/app/logging_config.py:42]
2025-03-11 11:23:33,529 INFO: Wedding application startup [in /Users/jaimeaznar/Desktop/website_wedding/app/logging_config.py:42]
2025-03-11 11:23:33,529 INFO: Wedding application startup [in /Users/jaimeaznar/Desktop/website_wedding/app/logging_config.py:42]
2025-03-11 11:23:33,529 INFO: Wedding application startup [in /Users/jaimeaznar/Desktop/website_wedding/app/logging_config.py:42]
2025-03-11 11:23:33,529 INFO: Wedding application startup [in /Users/jaimeaznar/Desktop/website_wedding/app/logging_config.py:42]
2025-03-11 11:23:33,529 INFO: Wedding application startup [in /Users/jaimeaznar/Desktop/website_wedding/app/logging_config.py:42]
2025-03-11 11:23:33,529 INFO: Wedding application startup [in /Users/jaimeaznar/Desktop/website_wedding/app/logging_config.py:42]
2025-03-11 11:23:33,529 INFO: Wedding application startup [in /Users/jaimeaznar/Desktop/website_wedding/app/logging_config.py:42]
2025-03-11 11:23:33,529 INFO: Wedding application startup [in /Users/jaimeaznar/Desktop/website_wedding/app/logging_config.py:42]
2025-03-11 11:23:33,529 INFO: Wedding application startup [in /Users/jaimeaznar/Desktop/website_wedding/app/logging_config.py:42]
2025-03-11 11:23:33,529 INFO: Wedding application startup [in /Users/jaimeaznar/Desktop/website_wedding/app/logging_config.py:42]
2025-03-11 11:23:33,529 INFO: Wedding application startup [in /Users/jaimeaznar/Desktop/website_wedding/app/logging_config.py:42]
2025-03-11 11:23:33,529 INFO: Wedding application startup [in /Users/jaimeaznar/Desktop/website_wedding/app/logging_config.py:42]
2025-03-11 11:23:33,549 INFO: Wedding application startup [in /Users/jaimeaznar/Desktop/website_wedding/app/logging_config.py:42]
2025-03-11 11:23:33,549 INFO: Wedding application startup [in /Users/jaimeaznar/Desktop/website_wedding/app/logging_config.py:42]
2025-03-11 11:23:33,549 INFO: Wedding application startup [in /Users/jaimeaznar/Desktop/website_wedding/app/logging_config.py:42]
2025-03-11 11:23:33,549 INFO: Wedding application startup [in /Users/jaimeaznar/Desktop/website_wedding/app/logging_config.py:42]
2025-03-11 11:23:33,549 INFO: Wedding application startup [in /Users/jaimeaznar/Desktop/website_wedding/app/logging_config.py:42]
2025-03-11 11:23:33,549 INFO: Wedding application startup [in /Users/jaimeaznar/Desktop/website_wedding/app/logging_config.py:42]
2025-03-11 11:23:33,549 INFO: Wedding application startup [in /Users/jaimeaznar/Desktop/website_wedding/app/logging_config.py:42]
2025-03-11 11:23:33,549 INFO: Wedding application startup [in /Users/jaimeaznar/Desktop/website_wedding/app/logging_config.py:42]
2025-03-11 11:23:33,549 INFO: Wedding application startup [in /Users/jaimeaznar/Desktop/website_wedding/app/logging_config.py:42]
2025-03-11 11:23:33,549 INFO: Wedding application startup [in /Users/jaimeaznar/Desktop/website_wedding/app/logging_config.py:42]
2025-03-11 11:23:33,549 INFO: Wedding application startup [in /Users/jaimeaznar/Desktop/website_wedding/app/logging_config.py:42]
2025-03-11 11:23:33,549 INFO: Wedding application startup [in /Users/jaimeaznar/Desktop/website_wedding/app/logging_config.py:42]
2025-03-11 11:23:33,549 INFO: Wedding application startup [in /Users/jaimeaznar/Desktop/website_wedding/app/logging_config.py:42]
2025-03-11 11:23:33,549 INFO: Wedding application startup [in /Users/jaimeaznar/Desktop/website_wedding/app/logging_config.py:42]
2025-03-11 11:23:33,549 INFO: Wedding application startup [in /Users/jaimeaznar/Desktop/website_wedding/app/logging_config.py:42]
2025-03-11 11:23:33,549 INFO: Wedding application startup [in /Users/jaimeaznar/Desktop/website_wedding/app/logging_config.py:42]
2025-03-11 11:23:33,549 INFO: Wedding application startup [in /Users/jaimeaznar/Desktop/website_wedding/app/logging_config.py:42]
2025-03-11 11:23:33,549 INFO: Wedding application startup [in /Users/jaimeaznar/Desktop/website_wedding/app/logging_config.py:42]
2025-03-11 11:23:33,549 INFO: Wedding application startup [in /Users/jaimeaznar/Desktop/website_wedding/app/logging_config.py:42]
2025-03-11 11:23:33,549 INFO: Wedding application startup [in /Users/jaimeaznar/Desktop/website_wedding/app/logging_config.py:42]
2025-03-11 11:23:33,549 INFO: Wedding application startup [in /Users/jaimeaznar/Desktop/website_wedding/app/logging_config.py:42]
2025-03-11 11:23:33,549 INFO: Wedding application startup [in /Users/jaimeaznar/Desktop/website_wedding/app/logging_config.py:42]
2025-03-11 11:23:33,549 INFO: Wedding application startup [in /Users/jaimeaznar/Desktop/website_wedding/app/logging_config.py:42]
2025-03-11 11:23:33,549 INFO: Wedding application startup [in /Users/jaimeaznar/Desktop/website_wedding/app/logging_config.py:42]
2025-03-11 11:23:33,549 INFO: Wedding application startup [in /Users/jaimeaznar/Desktop/website_wedding/app/logging_config.py:42]
2025-03-11 11:23:33,549 INFO: Wedding application startup [in /Users/jaimeaznar/Desktop/website_wedding/app/logging_config.py:42]
